<?xml version="1.0" encoding="UTF-8"?>
<testng-results skipped="0" failed="1" ignored="0" total="3" passed="2">
  <reporter-output>
  </reporter-output>
  <suite name="Default suite" duration-ms="65760" started-at="2019-02-22T05:55:58Z" finished-at="2019-02-22T05:57:03Z">
    <groups>
    </groups>
    <test name="Default test" duration-ms="65760" started-at="2019-02-22T05:55:58Z" finished-at="2019-02-22T05:57:03Z">
      <class name="DataDriven.readExcel">
        <test-method status="PASS" signature="login(java.lang.String, java.lang.String)[pri:0, instance:DataDriven.readExcel@4f787b]" name="login" duration-ms="20935" started-at="2019-02-22T05:55:58Z" data-provider="testData" finished-at="2019-02-22T05:56:19Z">
          <params>
            <param index="0">
              <value>
                <![CDATA[dpedaga]]>
              </value>
            </param>
            <param index="1">
              <value>
                <![CDATA[deepak9985]]>
              </value>
            </param>
          </params>
          <reporter-output>
          </reporter-output>
        </test-method> <!-- login -->
        <test-method status="PASS" signature="tearDown()[pri:0, instance:DataDriven.readExcel@4f787b]" name="tearDown" is-config="true" duration-ms="631" started-at="2019-02-22T05:56:19Z" finished-at="2019-02-22T05:56:20Z">
          <reporter-output>
          </reporter-output>
        </test-method> <!-- tearDown -->
        <test-method status="PASS" signature="login(java.lang.String, java.lang.String)[pri:0, instance:DataDriven.readExcel@4f787b]" name="login" duration-ms="23058" started-at="2019-02-22T05:56:20Z" data-provider="testData" finished-at="2019-02-22T05:56:43Z">
          <params>
            <param index="0">
              <value>
                <![CDATA[mercury]]>
              </value>
            </param>
            <param index="1">
              <value>
                <![CDATA[mercury]]>
              </value>
            </param>
          </params>
          <reporter-output>
          </reporter-output>
        </test-method> <!-- login -->
        <test-method status="PASS" signature="tearDown()[pri:0, instance:DataDriven.readExcel@4f787b]" name="tearDown" is-config="true" duration-ms="645" started-at="2019-02-22T05:56:43Z" finished-at="2019-02-22T05:56:44Z">
          <reporter-output>
          </reporter-output>
        </test-method> <!-- tearDown -->
        <test-method status="FAIL" signature="login(java.lang.String, java.lang.String)[pri:0, instance:DataDriven.readExcel@4f787b]" name="login" duration-ms="19161" started-at="2019-02-22T05:56:44Z" data-provider="testData" finished-at="2019-02-22T05:57:03Z">
          <params>
            <param index="0">
              <value>
                <![CDATA[admin]]>
              </value>
            </param>
            <param index="1">
              <value>
                <![CDATA[admin]]>
              </value>
            </param>
          </params>
          <exception class="java.lang.AssertionError">
            <message>
              <![CDATA[User is not signed in expected [true] but found [false]]]>
            </message>
            <full-stacktrace>
              <![CDATA[java.lang.AssertionError: User is not signed in expected [true] but found [false]
at org.testng.Assert.fail(Assert.java:96)
at org.testng.Assert.failNotEquals(Assert.java:776)
at org.testng.Assert.assertTrue(Assert.java:44)
at DataDriven.readExcel.login(readExcel.java:26)
at sun.reflect.NativeMethodAccessorImpl.invoke0(Native Method)
at sun.reflect.NativeMethodAccessorImpl.invoke(Unknown Source)
at sun.reflect.DelegatingMethodAccessorImpl.invoke(Unknown Source)
at java.lang.reflect.Method.invoke(Unknown Source)
at org.testng.internal.MethodInvocationHelper.invokeMethod(MethodInvocationHelper.java:124)
at org.testng.internal.Invoker.invokeMethod(Invoker.java:583)
at org.testng.internal.Invoker.invokeTestMethod(Invoker.java:719)
at org.testng.internal.Invoker.invokeTestMethods(Invoker.java:989)
at org.testng.internal.TestMethodWorker.invokeTestMethods(TestMethodWorker.java:125)
at org.testng.internal.TestMethodWorker.run(TestMethodWorker.java:109)
at org.testng.TestRunner.privateRun(TestRunner.java:648)
at org.testng.TestRunner.run(TestRunner.java:505)
at org.testng.SuiteRunner.runTest(SuiteRunner.java:455)
at org.testng.SuiteRunner.runSequentially(SuiteRunner.java:450)
at org.testng.SuiteRunner.privateRun(SuiteRunner.java:415)
at org.testng.SuiteRunner.run(SuiteRunner.java:364)
at org.testng.SuiteRunnerWorker.runSuite(SuiteRunnerWorker.java:52)
at org.testng.SuiteRunnerWorker.run(SuiteRunnerWorker.java:84)
at org.testng.TestNG.runSuitesSequentially(TestNG.java:1208)
at org.testng.TestNG.runSuitesLocally(TestNG.java:1137)
at org.testng.TestNG.runSuites(TestNG.java:1049)
at org.testng.TestNG.run(TestNG.java:1017)
at org.testng.remote.AbstractRemoteTestNG.run(AbstractRemoteTestNG.java:114)
at org.testng.remote.RemoteTestNG.initAndRun(RemoteTestNG.java:251)
at org.testng.remote.RemoteTestNG.main(RemoteTestNG.java:77)
]]>
            </full-stacktrace>
          </exception> <!-- java.lang.AssertionError -->
          <reporter-output>
          </reporter-output>
        </test-method> <!-- login -->
        <test-method status="PASS" signature="tearDown()[pri:0, instance:DataDriven.readExcel@4f787b]" name="tearDown" is-config="true" duration-ms="662" started-at="2019-02-22T05:57:03Z" finished-at="2019-02-22T05:57:03Z">
          <reporter-output>
          </reporter-output>
        </test-method> <!-- tearDown -->
      </class> <!-- DataDriven.readExcel -->
    </test> <!-- Default test -->
  </suite> <!-- Default suite -->
</testng-results>
